<?xml version="1.0" encoding="UTF-8"?>
<testsuite name="example.test.test" tests="6" skipped="0" failures="0" errors="0" timestamp="2018-12-03T10:01:35" hostname="mossabs-MacBook.local" time="0.006">
  <properties/>
  <testcase name="testDeterminant1" classname="example.test.test" time="0.003"/>
  <testcase name="testcreateSubMatrix" classname="example.test.test" time="0.002"/>
  <testcase name="testCofactorException" classname="example.test.test" time="0.001"/>
  <testcase name="testDeterminant" classname="example.test.test" time="0.0"/>
  <testcase name="testCofactor" classname="example.test.test" time="0.0"/>
  <testcase name="testDeterminantException" classname="example.test.test" time="0.0"/>
  <system-out><![CDATA[]]></system-out>
  <system-err><![CDATA[]]></system-err>
</testsuite>
